----------------------------------------
DiskFiles Information: 0 : Timestamp: 21/10/2013 19:45:38
Message: ready.
Category: DiskFiles
Priority: -1
EventId: 0
Severity: Information
Title:
Machine: SUJITH-VAIO
App Domain: FluentNhibernateLearning.vshost.exe
ProcessId: 5556
Process Name: D:\Projects\NHibernateLearning\trunk\FluentNhibernateLearning\bin\Debug\FluentNhibernateLearning.vshost.exe
Thread Name: 
Win32 ThreadId:8376
Extended Properties: 
----------------------------------------
----------------------------------------
DiskFiles Information: 0 : Timestamp: 21/10/2013 19:46:54
Message: ready.
Category: DiskFiles
Priority: -1
EventId: 0
Severity: Information
Title:
Machine: SUJITH-VAIO
App Domain: FluentNhibernateLearning.vshost.exe
ProcessId: 12324
Process Name: D:\Projects\NHibernateLearning\trunk\FluentNhibernateLearning\bin\Debug\FluentNhibernateLearning.vshost.exe
Thread Name: 
Win32 ThreadId:9604
Extended Properties: 
----------------------------------------
----------------------------------------
DiskFiles Information: 0 : Timestamp: 21/10/2013 19:49:01
Message: ready.
Category: DiskFiles
Priority: -1
EventId: 0
Severity: Information
Title:
Machine: SUJITH-VAIO
App Domain: FluentNhibernateLearning.vshost.exe
ProcessId: 10264
Process Name: D:\Projects\NHibernateLearning\trunk\FluentNhibernateLearning\bin\Debug\FluentNhibernateLearning.vshost.exe
Thread Name: 
Win32 ThreadId:13048
Extended Properties: 
----------------------------------------
----------------------------------------
DiskFiles Information: 0 : Timestamp: 21/10/2013 19:49:35
Message: ready.
Category: DiskFiles
Priority: -1
EventId: 0
Severity: Information
Title:
Machine: SUJITH-VAIO
App Domain: FluentNhibernateLearning.exe
ProcessId: 15100
Process Name: D:\Projects\NHibernateLearning\trunk\FluentNhibernateLearning\bin\Debug\FluentNhibernateLearning.exe
Thread Name: 
Win32 ThreadId:11004
Extended Properties: 
----------------------------------------
----------------------------------------
DiskFiles Information: 0 : Timestamp: 21/10/2013 19:51:23
Message: ready.
Category: DiskFiles
Priority: -1
EventId: 0
Severity: Information
Title:
Machine: SUJITH-VAIO
App Domain: FluentNhibernateLearning.exe
ProcessId: 15784
Process Name: D:\Projects\NHibernateLearning\trunk\FluentNhibernateLearning\bin\Debug\FluentNhibernateLearning.exe
Thread Name: 
Win32 ThreadId:5296
Extended Properties: 
----------------------------------------
----------------------------------------
DiskFiles Information: 0 : Timestamp: 21/10/2013 19:58:40
Message: ready.
Category: DiskFiles
Priority: -1
EventId: 0
Severity: Information
Title:
Machine: SUJITH-VAIO
App Domain: FluentNhibernateLearning.vshost.exe
ProcessId: 6140
Process Name: D:\Projects\NHibernateLearning\trunk\FluentNhibernateLearning\bin\Debug\FluentNhibernateLearning.vshost.exe
Thread Name: 
Win32 ThreadId:9360
Extended Properties: 
----------------------------------------
----------------------------------------
DiskFiles Information: 0 : Timestamp: 21/10/2013 19:59:09
Message: ready.
Category: DiskFiles
Priority: -1
EventId: 0
Severity: Information
Title:
Machine: SUJITH-VAIO
App Domain: FluentNhibernateLearning.exe
ProcessId: 10016
Process Name: D:\Projects\NHibernateLearning\trunk\FluentNhibernateLearning\bin\Debug\FluentNhibernateLearning.exe
Thread Name: 
Win32 ThreadId:10008
Extended Properties: 
----------------------------------------
----------------------------------------
DiskFiles Information: 0 : Timestamp: 21/10/2013 19:59:57
Message: ready.
Category: DiskFiles
Priority: -1
EventId: 0
Severity: Information
Title:
Machine: SUJITH-VAIO
App Domain: FluentNhibernateLearning.exe
ProcessId: 12512
Process Name: D:\Projects\NHibernateLearning\trunk\FluentNhibernateLearning\bin\Debug\FluentNhibernateLearning.exe
Thread Name: 
Win32 ThreadId:2056
Extended Properties: 
----------------------------------------
----------------------------------------
DiskFiles Information: 0 : Timestamp: 21/10/2013 20:06:01
Message: ready.
Category: DiskFiles
Priority: -1
EventId: 0
Severity: Information
Title:
Machine: SUJITH-VAIO
App Domain: FluentNhibernateLearning.vshost.exe
ProcessId: 12032
Process Name: D:\Projects\NHibernateLearning\trunk\FluentNhibernateLearning\bin\Debug\FluentNhibernateLearning.vshost.exe
Thread Name: 
Win32 ThreadId:648
Extended Properties: 
----------------------------------------
----------------------------------------
DiskFiles Information: 0 : Timestamp: 21/10/2013 20:09:01
Message: ready.
Category: DiskFiles
Priority: -1
EventId: 0
Severity: Information
Title:
Machine: SUJITH-VAIO
App Domain: FluentNhibernateLearning.vshost.exe
ProcessId: 15508
Process Name: D:\Projects\NHibernateLearning\trunk\FluentNhibernateLearning\bin\Debug\FluentNhibernateLearning.vshost.exe
Thread Name: 
Win32 ThreadId:13856
Extended Properties: 
----------------------------------------
----------------------------------------
DiskFiles Information: 0 : Timestamp: 21/10/2013 20:12:19
Message: ready.
Category: DiskFiles
Priority: -1
EventId: 0
Severity: Information
Title:
Machine: SUJITH-VAIO
App Domain: FluentNhibernateLearning.vshost.exe
ProcessId: 5528
Process Name: D:\Projects\NHibernateLearning\trunk\FluentNhibernateLearning\bin\Debug\FluentNhibernateLearning.vshost.exe
Thread Name: 
Win32 ThreadId:15556
Extended Properties: 
----------------------------------------
----------------------------------------
DiskFiles Information: 0 : Timestamp: 21/10/2013 20:22:04
Message: ready.
Category: DiskFiles
Priority: -1
EventId: 0
Severity: Information
Title:
Machine: SUJITH-VAIO
App Domain: FluentNhibernateLearning.vshost.exe
ProcessId: 8532
Process Name: D:\Projects\NHibernateLearning\trunk\FluentNhibernateLearning\bin\Debug\FluentNhibernateLearning.vshost.exe
Thread Name: 
Win32 ThreadId:4852
Extended Properties: 
----------------------------------------
----------------------------------------
DiskFiles Information: 0 : Timestamp: 21/10/2013 20:23:09
Message: ready.
Category: DiskFiles
Priority: -1
EventId: 0
Severity: Information
Title:
Machine: SUJITH-VAIO
App Domain: FluentNhibernateLearning.vshost.exe
ProcessId: 2932
Process Name: D:\Projects\NHibernateLearning\trunk\FluentNhibernateLearning\bin\Debug\FluentNhibernateLearning.vshost.exe
Thread Name: 
Win32 ThreadId:9964
Extended Properties: 
----------------------------------------
