----------------------------------------
Timestamp: 08/10/2013 23:10:09
Message: Sample message.
Category: DiskFiles
Priority: -1
EventId: 0
Severity: Information
Title:
Machine: SUJITH-VAIO
App Domain: FluentNhibernateLearning.vshost.exe
ProcessId: 8020
Process Name: D:\Projects\NHibernateLearning\trunk\FluentNhibernateLearning\bin\Debug\FluentNhibernateLearning.vshost.exe
Thread Name: 
Win32 ThreadId:12352
Extended Properties: 
----------------------------------------
----------------------------------------
Timestamp: 20/10/2013 05:04:46
Message: ready.
Category: DiskFiles
Priority: -1
EventId: 0
Severity: Information
Title:
Machine: SUJITH-VAIO
App Domain: FluentNhibernateLearning.vshost.exe
ProcessId: 7476
Process Name: D:\Projects\NHibernateLearning\trunk\FluentNhibernateLearning\bin\Debug\FluentNhibernateLearning.vshost.exe
Thread Name: 
Win32 ThreadId:8512
Extended Properties: 
----------------------------------------
----------------------------------------
Timestamp: 20/10/2013 05:08:29
Message: ready.
Category: DiskFiles
Priority: -1
EventId: 0
Severity: Information
Title:
Machine: SUJITH-VAIO
App Domain: FluentNhibernateLearning.vshost.exe
ProcessId: 5608
Process Name: D:\Projects\NHibernateLearning\trunk\FluentNhibernateLearning\bin\Debug\FluentNhibernateLearning.vshost.exe
Thread Name: 
Win32 ThreadId:6040
Extended Properties: 
----------------------------------------
----------------------------------------
Timestamp: 20/10/2013 05:09:56
Message: ready.
Category: DiskFiles
Priority: -1
EventId: 0
Severity: Information
Title:
Machine: SUJITH-VAIO
App Domain: FluentNhibernateLearning.vshost.exe
ProcessId: 10044
Process Name: D:\Projects\NHibernateLearning\trunk\FluentNhibernateLearning\bin\Debug\FluentNhibernateLearning.vshost.exe
Thread Name: 
Win32 ThreadId:5876
Extended Properties: 
----------------------------------------
----------------------------------------
Timestamp: 20/10/2013 05:15:10
Message: ready.
Category: DiskFiles
Priority: -1
EventId: 0
Severity: Information
Title:
Machine: SUJITH-VAIO
App Domain: FluentNhibernateLearning.vshost.exe
ProcessId: 2752
Process Name: D:\Projects\NHibernateLearning\trunk\FluentNhibernateLearning\bin\Debug\FluentNhibernateLearning.vshost.exe
Thread Name: 
Win32 ThreadId:9940
Extended Properties: 
----------------------------------------
----------------------------------------
Timestamp: 20/10/2013 05:53:37
Message: ready.
Category: DiskFiles
Priority: -1
EventId: 0
Severity: Information
Title:
Machine: SUJITH-VAIO
App Domain: FluentNhibernateLearning.vshost.exe
ProcessId: 9384
Process Name: D:\Projects\NHibernateLearning\trunk\FluentNhibernateLearning\bin\Debug\FluentNhibernateLearning.vshost.exe
Thread Name: 
Win32 ThreadId:10884
Extended Properties: 
----------------------------------------
----------------------------------------
Timestamp: 21/10/2013 00:22:07
Message: ready.
Category: DiskFiles
Priority: -1
EventId: 0
Severity: Information
Title:
Machine: SUJITH-VAIO
App Domain: FluentNhibernateLearning.vshost.exe
ProcessId: 14824
Process Name: D:\Projects\NHibernateLearning\trunk\FluentNhibernateLearning\bin\Debug\FluentNhibernateLearning.vshost.exe
Thread Name: 
Win32 ThreadId:4428
Extended Properties: 
----------------------------------------
----------------------------------------
Timestamp: 21/10/2013 00:23:47
Message: ready.
Category: DiskFiles
Priority: -1
EventId: 0
Severity: Information
Title:
Machine: SUJITH-VAIO
App Domain: FluentNhibernateLearning.vshost.exe
ProcessId: 10192
Process Name: D:\Projects\NHibernateLearning\trunk\FluentNhibernateLearning\bin\Debug\FluentNhibernateLearning.vshost.exe
Thread Name: 
Win32 ThreadId:13964
Extended Properties: 
----------------------------------------
----------------------------------------
Timestamp: 21/10/2013 00:25:04
Message: ready.
Category: DiskFiles
Priority: -1
EventId: 0
Severity: Information
Title:
Machine: SUJITH-VAIO
App Domain: FluentNhibernateLearning.vshost.exe
ProcessId: 11764
Process Name: D:\Projects\NHibernateLearning\trunk\FluentNhibernateLearning\bin\Debug\FluentNhibernateLearning.vshost.exe
Thread Name: 
Win32 ThreadId:876
Extended Properties: 
----------------------------------------
----------------------------------------
Timestamp: 21/10/2013 00:32:08
Message: ready.
Category: DiskFiles
Priority: -1
EventId: 0
Severity: Information
Title:
Machine: SUJITH-VAIO
App Domain: FluentNhibernateLearning.vshost.exe
ProcessId: 16520
Process Name: D:\Projects\NHibernateLearning\trunk\FluentNhibernateLearning\bin\Debug\FluentNhibernateLearning.vshost.exe
Thread Name: 
Win32 ThreadId:11876
Extended Properties: 
----------------------------------------
----------------------------------------
Timestamp: 21/10/2013 00:36:46
Message: ready.
Category: DiskFiles
Priority: -1
EventId: 0
Severity: Information
Title:
Machine: SUJITH-VAIO
App Domain: FluentNhibernateLearning.vshost.exe
ProcessId: 16544
Process Name: D:\Projects\NHibernateLearning\trunk\FluentNhibernateLearning\bin\Debug\FluentNhibernateLearning.vshost.exe
Thread Name: 
Win32 ThreadId:5240
Extended Properties: 
----------------------------------------
----------------------------------------
Timestamp: 21/10/2013 00:37:14
Message: ready.
Category: DiskFiles
Priority: -1
EventId: 0
Severity: Information
Title:
Machine: SUJITH-VAIO
App Domain: FluentNhibernateLearning.vshost.exe
ProcessId: 7800
Process Name: D:\Projects\NHibernateLearning\trunk\FluentNhibernateLearning\bin\Debug\FluentNhibernateLearning.vshost.exe
Thread Name: 
Win32 ThreadId:11752
Extended Properties: 
----------------------------------------
----------------------------------------
Timestamp: 21/10/2013 00:37:44
Message: ready.
Category: DiskFiles
Priority: -1
EventId: 0
Severity: Information
Title:
Machine: SUJITH-VAIO
App Domain: FluentNhibernateLearning.vshost.exe
ProcessId: 10052
Process Name: D:\Projects\NHibernateLearning\trunk\FluentNhibernateLearning\bin\Debug\FluentNhibernateLearning.vshost.exe
Thread Name: 
Win32 ThreadId:3636
Extended Properties: 
----------------------------------------
----------------------------------------
Timestamp: 21/10/2013 00:38:15
Message: ready.
Category: DiskFiles
Priority: -1
EventId: 0
Severity: Information
Title:
Machine: SUJITH-VAIO
App Domain: FluentNhibernateLearning.vshost.exe
ProcessId: 9644
Process Name: D:\Projects\NHibernateLearning\trunk\FluentNhibernateLearning\bin\Debug\FluentNhibernateLearning.vshost.exe
Thread Name: 
Win32 ThreadId:7552
Extended Properties: 
----------------------------------------
----------------------------------------
Timestamp: 21/10/2013 00:41:25
Message: ready.
Category: DiskFiles
Priority: -1
EventId: 0
Severity: Information
Title:
Machine: SUJITH-VAIO
App Domain: FluentNhibernateLearning.vshost.exe
ProcessId: 13768
Process Name: D:\Projects\NHibernateLearning\trunk\FluentNhibernateLearning\bin\Debug\FluentNhibernateLearning.vshost.exe
Thread Name: 
Win32 ThreadId:16864
Extended Properties: 
----------------------------------------
----------------------------------------
Timestamp: 21/10/2013 19:45:38
Message: ready.
Category: DiskFiles
Priority: -1
EventId: 0
Severity: Information
Title:
Machine: SUJITH-VAIO
App Domain: FluentNhibernateLearning.vshost.exe
ProcessId: 5556
Process Name: D:\Projects\NHibernateLearning\trunk\FluentNhibernateLearning\bin\Debug\FluentNhibernateLearning.vshost.exe
Thread Name: 
Win32 ThreadId:8376
Extended Properties: 
----------------------------------------
----------------------------------------
Timestamp: 21/10/2013 19:46:54
Message: ready.
Category: DiskFiles
Priority: -1
EventId: 0
Severity: Information
Title:
Machine: SUJITH-VAIO
App Domain: FluentNhibernateLearning.vshost.exe
ProcessId: 12324
Process Name: D:\Projects\NHibernateLearning\trunk\FluentNhibernateLearning\bin\Debug\FluentNhibernateLearning.vshost.exe
Thread Name: 
Win32 ThreadId:9604
Extended Properties: 
----------------------------------------
----------------------------------------
Timestamp: 21/10/2013 19:49:01
Message: ready.
Category: DiskFiles
Priority: -1
EventId: 0
Severity: Information
Title:
Machine: SUJITH-VAIO
App Domain: FluentNhibernateLearning.vshost.exe
ProcessId: 10264
Process Name: D:\Projects\NHibernateLearning\trunk\FluentNhibernateLearning\bin\Debug\FluentNhibernateLearning.vshost.exe
Thread Name: 
Win32 ThreadId:13048
Extended Properties: 
----------------------------------------
----------------------------------------
Timestamp: 21/10/2013 19:49:35
Message: ready.
Category: DiskFiles
Priority: -1
EventId: 0
Severity: Information
Title:
Machine: SUJITH-VAIO
App Domain: FluentNhibernateLearning.exe
ProcessId: 15100
Process Name: D:\Projects\NHibernateLearning\trunk\FluentNhibernateLearning\bin\Debug\FluentNhibernateLearning.exe
Thread Name: 
Win32 ThreadId:11004
Extended Properties: 
----------------------------------------
----------------------------------------
Timestamp: 21/10/2013 19:51:23
Message: ready.
Category: DiskFiles
Priority: -1
EventId: 0
Severity: Information
Title:
Machine: SUJITH-VAIO
App Domain: FluentNhibernateLearning.exe
ProcessId: 15784
Process Name: D:\Projects\NHibernateLearning\trunk\FluentNhibernateLearning\bin\Debug\FluentNhibernateLearning.exe
Thread Name: 
Win32 ThreadId:5296
Extended Properties: 
----------------------------------------
----------------------------------------
Timestamp: 21/10/2013 19:58:40
Message: ready.
Category: DiskFiles
Priority: -1
EventId: 0
Severity: Information
Title:
Machine: SUJITH-VAIO
App Domain: FluentNhibernateLearning.vshost.exe
ProcessId: 6140
Process Name: D:\Projects\NHibernateLearning\trunk\FluentNhibernateLearning\bin\Debug\FluentNhibernateLearning.vshost.exe
Thread Name: 
Win32 ThreadId:9360
Extended Properties: 
----------------------------------------
----------------------------------------
Timestamp: 21/10/2013 19:59:09
Message: ready.
Category: DiskFiles
Priority: -1
EventId: 0
Severity: Information
Title:
Machine: SUJITH-VAIO
App Domain: FluentNhibernateLearning.exe
ProcessId: 10016
Process Name: D:\Projects\NHibernateLearning\trunk\FluentNhibernateLearning\bin\Debug\FluentNhibernateLearning.exe
Thread Name: 
Win32 ThreadId:10008
Extended Properties: 
----------------------------------------
----------------------------------------
Timestamp: 21/10/2013 19:59:57
Message: ready.
Category: DiskFiles
Priority: -1
EventId: 0
Severity: Information
Title:
Machine: SUJITH-VAIO
App Domain: FluentNhibernateLearning.exe
ProcessId: 12512
Process Name: D:\Projects\NHibernateLearning\trunk\FluentNhibernateLearning\bin\Debug\FluentNhibernateLearning.exe
Thread Name: 
Win32 ThreadId:2056
Extended Properties: 
----------------------------------------
----------------------------------------
Timestamp: 21/10/2013 20:06:01
Message: ready.
Category: DiskFiles
Priority: -1
EventId: 0
Severity: Information
Title:
Machine: SUJITH-VAIO
App Domain: FluentNhibernateLearning.vshost.exe
ProcessId: 12032
Process Name: D:\Projects\NHibernateLearning\trunk\FluentNhibernateLearning\bin\Debug\FluentNhibernateLearning.vshost.exe
Thread Name: 
Win32 ThreadId:648
Extended Properties: 
----------------------------------------
----------------------------------------
Timestamp: 21/10/2013 20:09:01
Message: ready.
Category: DiskFiles
Priority: -1
EventId: 0
Severity: Information
Title:
Machine: SUJITH-VAIO
App Domain: FluentNhibernateLearning.vshost.exe
ProcessId: 15508
Process Name: D:\Projects\NHibernateLearning\trunk\FluentNhibernateLearning\bin\Debug\FluentNhibernateLearning.vshost.exe
Thread Name: 
Win32 ThreadId:13856
Extended Properties: 
----------------------------------------
----------------------------------------
Timestamp: 21/10/2013 20:12:19
Message: ready.
Category: DiskFiles
Priority: -1
EventId: 0
Severity: Information
Title:
Machine: SUJITH-VAIO
App Domain: FluentNhibernateLearning.vshost.exe
ProcessId: 5528
Process Name: D:\Projects\NHibernateLearning\trunk\FluentNhibernateLearning\bin\Debug\FluentNhibernateLearning.vshost.exe
Thread Name: 
Win32 ThreadId:15556
Extended Properties: 
----------------------------------------
----------------------------------------
Timestamp: 21/10/2013 20:22:04
Message: ready.
Category: DiskFiles
Priority: -1
EventId: 0
Severity: Information
Title:
Machine: SUJITH-VAIO
App Domain: FluentNhibernateLearning.vshost.exe
ProcessId: 8532
Process Name: D:\Projects\NHibernateLearning\trunk\FluentNhibernateLearning\bin\Debug\FluentNhibernateLearning.vshost.exe
Thread Name: 
Win32 ThreadId:4852
Extended Properties: 
----------------------------------------
----------------------------------------
Timestamp: 21/10/2013 20:23:09
Message: ready.
Category: DiskFiles
Priority: -1
EventId: 0
Severity: Information
Title:
Machine: SUJITH-VAIO
App Domain: FluentNhibernateLearning.vshost.exe
ProcessId: 2932
Process Name: D:\Projects\NHibernateLearning\trunk\FluentNhibernateLearning\bin\Debug\FluentNhibernateLearning.vshost.exe
Thread Name: 
Win32 ThreadId:9964
Extended Properties: 
----------------------------------------
